<?xml version="1.0" encoding="UTF-8"?>
<testsuite name="SQLQueryTest" tests="3" skipped="0" failures="0" errors="0" timestamp="2021-04-27T09:55:18" hostname="NB36-206" time="0.022">
  <properties/>
  <testcase name="selectAll()" classname="SQLQueryTest" time="0.018"/>
  <testcase name="build()" classname="SQLQueryTest" time="0.0"/>
  <testcase name="where()" classname="SQLQueryTest" time="0.002"/>
  <system-out><![CDATA[]]></system-out>
  <system-err><![CDATA[]]></system-err>
</testsuite>
